[0.288s] Invoking command in '/home/turtle/turtlebot4_ws/build/first_package': PYTHONPATH=/home/turtle/turtlebot4_ws/build/first_package/prefix_override:/usr/lib/python3/dist-packages/colcon_core/task/python/colcon_distutils_commands:/home/turtle/turtlebot4_ws/install/first_package/lib/python3.10/site-packages:${PYTHONPATH} /usr/bin/python3 -W ignore:setup.py install is deprecated setup.py develop --editable --build-directory /home/turtle/turtlebot4_ws/build/first_package/build --no-deps symlink_data --force
[0.410s] running develop
[0.410s] /usr/lib/python3/dist-packages/setuptools/command/easy_install.py:158: EasyInstallDeprecationWarning: easy_install command is deprecated. Use build and pip and other standards-based tools.
[0.410s]   warnings.warn(
[0.477s] running egg_info
[0.477s] writing first_package.egg-info/PKG-INFO
[0.477s] writing dependency_links to first_package.egg-info/dependency_links.txt
[0.477s] writing entry points to first_package.egg-info/entry_points.txt
[0.477s] writing requirements to first_package.egg-info/requires.txt
[0.477s] writing top-level names to first_package.egg-info/top_level.txt
[0.478s] reading manifest file 'first_package.egg-info/SOURCES.txt'
[0.478s] writing manifest file 'first_package.egg-info/SOURCES.txt'
[0.479s] running build_ext
[0.479s] Creating /home/turtle/turtlebot4_ws/install/first_package/lib/python3.10/site-packages/first-package.egg-link (link to .)
[0.480s] Installing turtlebot4_first_python_node script to /home/turtle/turtlebot4_ws/install/first_package/lib/first_package
[0.480s] 
[0.480s] Installed /home/turtle/turtlebot4_ws/build/first_package
[0.480s] running symlink_data
[0.480s] symbolically linking /home/turtle/turtlebot4_ws/build/first_package/resource/first_package -> /home/turtle/turtlebot4_ws/install/first_package/share/ament_index/resource_index/packages
[0.480s] symbolically linking /home/turtle/turtlebot4_ws/build/first_package/package.xml -> /home/turtle/turtlebot4_ws/install/first_package/share/first_package
[0.493s] Invoked command in '/home/turtle/turtlebot4_ws/build/first_package' returned '0': PYTHONPATH=/home/turtle/turtlebot4_ws/build/first_package/prefix_override:/usr/lib/python3/dist-packages/colcon_core/task/python/colcon_distutils_commands:/home/turtle/turtlebot4_ws/install/first_package/lib/python3.10/site-packages:${PYTHONPATH} /usr/bin/python3 -W ignore:setup.py install is deprecated setup.py develop --editable --build-directory /home/turtle/turtlebot4_ws/build/first_package/build --no-deps symlink_data --force
