[0.335s] Invoking command in '/home/turtle/turtlebot4_ws/build/first_package': PYTHONPATH=/home/turtle/turtlebot4_ws/build/first_package/prefix_override:/usr/lib/python3/dist-packages/colcon_core/task/python/colcon_distutils_commands:/home/turtle/turtlebot4_ws/install/first_package/lib/python3.10/site-packages:${PYTHONPATH} /usr/bin/python3 -W ignore:setup.py install is deprecated setup.py develop --editable --build-directory /home/turtle/turtlebot4_ws/build/first_package/build --no-deps symlink_data
[0.475s] running develop
[0.557s] running egg_info
[0.557s] writing first_package.egg-info/PKG-INFO
[0.557s] writing dependency_links to first_package.egg-info/dependency_links.txt
[0.557s] writing entry points to first_package.egg-info/entry_points.txt
[0.557s] writing requirements to first_package.egg-info/requires.txt
[0.557s] writing top-level names to first_package.egg-info/top_level.txt
[0.558s] reading manifest file 'first_package.egg-info/SOURCES.txt'
[0.558s] writing manifest file 'first_package.egg-info/SOURCES.txt'
[0.559s] running build_ext
[0.559s] Creating /home/turtle/turtlebot4_ws/install/first_package/lib/python3.10/site-packages/first-package.egg-link (link to .)
[0.560s] Installing turtlebot4_display_test_node script to /home/turtle/turtlebot4_ws/install/first_package/lib/first_package
[0.560s] Installing turtlebot4_first_python_node script to /home/turtle/turtlebot4_ws/install/first_package/lib/first_package
[0.560s] Installing turtlebot4_forward_node script to /home/turtle/turtlebot4_ws/install/first_package/lib/first_package
[0.560s] Installing turtlebot4_scan_test_node script to /home/turtle/turtlebot4_ws/install/first_package/lib/first_package
[0.560s] 
[0.560s] Installed /home/turtle/turtlebot4_ws/build/first_package
[0.560s] running symlink_data
[0.575s] Invoked command in '/home/turtle/turtlebot4_ws/build/first_package' returned '0': PYTHONPATH=/home/turtle/turtlebot4_ws/build/first_package/prefix_override:/usr/lib/python3/dist-packages/colcon_core/task/python/colcon_distutils_commands:/home/turtle/turtlebot4_ws/install/first_package/lib/python3.10/site-packages:${PYTHONPATH} /usr/bin/python3 -W ignore:setup.py install is deprecated setup.py develop --editable --build-directory /home/turtle/turtlebot4_ws/build/first_package/build --no-deps symlink_data
