[0.284s] Invoking command in '/home/turtle/turtlebot4_ws/build/first_package': PYTHONPATH=/home/turtle/turtlebot4_ws/build/first_package/prefix_override:/usr/lib/python3/dist-packages/colcon_core/task/python/colcon_distutils_commands:/home/turtle/turtlebot4_ws/install/first_package/lib/python3.10/site-packages:${PYTHONPATH} /usr/bin/python3 -W ignore:setup.py install is deprecated setup.py develop --uninstall --editable --build-directory /home/turtle/turtlebot4_ws/build/first_package/build
[0.403s] running develop
[0.404s] /usr/lib/python3/dist-packages/setuptools/command/easy_install.py:158: EasyInstallDeprecationWarning: easy_install command is deprecated. Use build and pip and other standards-based tools.
[0.404s]   warnings.warn(
[0.471s] Removing /home/turtle/turtlebot4_ws/install/first_package/lib/python3.10/site-packages/first-package.egg-link (link to .)
[0.485s] Invoked command in '/home/turtle/turtlebot4_ws/build/first_package' returned '0': PYTHONPATH=/home/turtle/turtlebot4_ws/build/first_package/prefix_override:/usr/lib/python3/dist-packages/colcon_core/task/python/colcon_distutils_commands:/home/turtle/turtlebot4_ws/install/first_package/lib/python3.10/site-packages:${PYTHONPATH} /usr/bin/python3 -W ignore:setup.py install is deprecated setup.py develop --uninstall --editable --build-directory /home/turtle/turtlebot4_ws/build/first_package/build
[0.485s] Invoking command in '/home/turtle/turtlebot4_ws/src/first_package': PYTHONPATH=/home/turtle/turtlebot4_ws/build/first_package/prefix_override:/usr/lib/python3/dist-packages/colcon_core/task/python/colcon_distutils_commands:/home/turtle/turtlebot4_ws/install/first_package/lib/python3.10/site-packages:${PYTHONPATH} /usr/bin/python3 -W ignore:setup.py install is deprecated setup.py egg_info --egg-base ../../build/first_package build --build-base /home/turtle/turtlebot4_ws/build/first_package/build install --record /home/turtle/turtlebot4_ws/build/first_package/install.log --single-version-externally-managed install_data --force
[0.594s] running egg_info
[0.595s] writing ../../build/first_package/first_package.egg-info/PKG-INFO
[0.595s] writing dependency_links to ../../build/first_package/first_package.egg-info/dependency_links.txt
[0.595s] writing entry points to ../../build/first_package/first_package.egg-info/entry_points.txt
[0.595s] writing requirements to ../../build/first_package/first_package.egg-info/requires.txt
[0.595s] writing top-level names to ../../build/first_package/first_package.egg-info/top_level.txt
[0.596s] reading manifest file '../../build/first_package/first_package.egg-info/SOURCES.txt'
[0.596s] writing manifest file '../../build/first_package/first_package.egg-info/SOURCES.txt'
[0.596s] running build
[0.596s] running build_py
[0.596s] running install
[0.596s] running install_lib
[0.597s] creating /home/turtle/turtlebot4_ws/install/first_package/lib/python3.10/site-packages/first_package
[0.597s] copying /home/turtle/turtlebot4_ws/build/first_package/build/lib/first_package/__init__.py -> /home/turtle/turtlebot4_ws/install/first_package/lib/python3.10/site-packages/first_package
[0.597s] copying /home/turtle/turtlebot4_ws/build/first_package/build/lib/first_package/turtlebot4_first_python_node.py -> /home/turtle/turtlebot4_ws/install/first_package/lib/python3.10/site-packages/first_package
[0.597s] byte-compiling /home/turtle/turtlebot4_ws/install/first_package/lib/python3.10/site-packages/first_package/__init__.py to __init__.cpython-310.pyc
[0.597s] byte-compiling /home/turtle/turtlebot4_ws/install/first_package/lib/python3.10/site-packages/first_package/turtlebot4_first_python_node.py to turtlebot4_first_python_node.cpython-310.pyc
[0.597s] running install_data
[0.597s] copying resource/first_package -> /home/turtle/turtlebot4_ws/install/first_package/share/ament_index/resource_index/packages
[0.597s] copying package.xml -> /home/turtle/turtlebot4_ws/install/first_package/share/first_package
[0.598s] running install_egg_info
[0.598s] Copying ../../build/first_package/first_package.egg-info to /home/turtle/turtlebot4_ws/install/first_package/lib/python3.10/site-packages/first_package-0.0.0-py3.10.egg-info
[0.599s] running install_scripts
[0.610s] Installing turtlebot4_first_python_node script to /home/turtle/turtlebot4_ws/install/first_package/lib/first_package
[0.610s] writing list of installed files to '/home/turtle/turtlebot4_ws/build/first_package/install.log'
[0.621s] Invoked command in '/home/turtle/turtlebot4_ws/src/first_package' returned '0': PYTHONPATH=/home/turtle/turtlebot4_ws/build/first_package/prefix_override:/usr/lib/python3/dist-packages/colcon_core/task/python/colcon_distutils_commands:/home/turtle/turtlebot4_ws/install/first_package/lib/python3.10/site-packages:${PYTHONPATH} /usr/bin/python3 -W ignore:setup.py install is deprecated setup.py egg_info --egg-base ../../build/first_package build --build-base /home/turtle/turtlebot4_ws/build/first_package/build install --record /home/turtle/turtlebot4_ws/build/first_package/install.log --single-version-externally-managed install_data --force
