[0.281s] Invoking command in '/home/turtle/turtlebot4_ws/src/first_package': PYTHONPATH=/home/turtle/turtlebot4_ws/build/first_package/prefix_override:/usr/lib/python3/dist-packages/colcon_core/task/python/colcon_distutils_commands:/home/turtle/turtlebot4_ws/install/first_package/lib/python3.10/site-packages:${PYTHONPATH} /usr/bin/python3 -W ignore:setup.py install is deprecated setup.py egg_info --egg-base ../../build/first_package build --build-base /home/turtle/turtlebot4_ws/build/first_package/build install --record /home/turtle/turtlebot4_ws/build/first_package/install.log --single-version-externally-managed install_data
[0.402s] running egg_info
[0.402s] creating ../../build/first_package/first_package.egg-info
[0.402s] writing ../../build/first_package/first_package.egg-info/PKG-INFO
[0.402s] writing dependency_links to ../../build/first_package/first_package.egg-info/dependency_links.txt
[0.402s] writing entry points to ../../build/first_package/first_package.egg-info/entry_points.txt
[0.402s] writing requirements to ../../build/first_package/first_package.egg-info/requires.txt
[0.402s] writing top-level names to ../../build/first_package/first_package.egg-info/top_level.txt
[0.402s] writing manifest file '../../build/first_package/first_package.egg-info/SOURCES.txt'
[0.403s] reading manifest file '../../build/first_package/first_package.egg-info/SOURCES.txt'
[0.403s] writing manifest file '../../build/first_package/first_package.egg-info/SOURCES.txt'
[0.403s] running build
[0.403s] running build_py
[0.403s] creating /home/turtle/turtlebot4_ws/build/first_package/build
[0.403s] creating /home/turtle/turtlebot4_ws/build/first_package/build/lib
[0.403s] creating /home/turtle/turtlebot4_ws/build/first_package/build/lib/first_package
[0.403s] copying first_package/__init__.py -> /home/turtle/turtlebot4_ws/build/first_package/build/lib/first_package
[0.403s] copying first_package/turtlebot4_first_python_node.py -> /home/turtle/turtlebot4_ws/build/first_package/build/lib/first_package
[0.403s] running install
[0.403s] running install_lib
[0.404s] creating /home/turtle/turtlebot4_ws/install/first_package/lib/python3.10/site-packages/first_package
[0.404s] copying /home/turtle/turtlebot4_ws/build/first_package/build/lib/first_package/__init__.py -> /home/turtle/turtlebot4_ws/install/first_package/lib/python3.10/site-packages/first_package
[0.404s] copying /home/turtle/turtlebot4_ws/build/first_package/build/lib/first_package/turtlebot4_first_python_node.py -> /home/turtle/turtlebot4_ws/install/first_package/lib/python3.10/site-packages/first_package
[0.404s] byte-compiling /home/turtle/turtlebot4_ws/install/first_package/lib/python3.10/site-packages/first_package/__init__.py to __init__.cpython-310.pyc
[0.404s] byte-compiling /home/turtle/turtlebot4_ws/install/first_package/lib/python3.10/site-packages/first_package/turtlebot4_first_python_node.py to turtlebot4_first_python_node.cpython-310.pyc
[0.405s] running install_data
[0.405s] creating /home/turtle/turtlebot4_ws/install/first_package/share/ament_index
[0.405s] creating /home/turtle/turtlebot4_ws/install/first_package/share/ament_index/resource_index
[0.405s] creating /home/turtle/turtlebot4_ws/install/first_package/share/ament_index/resource_index/packages
[0.405s] copying resource/first_package -> /home/turtle/turtlebot4_ws/install/first_package/share/ament_index/resource_index/packages
[0.405s] copying package.xml -> /home/turtle/turtlebot4_ws/install/first_package/share/first_package
[0.405s] running install_egg_info
[0.406s] Copying ../../build/first_package/first_package.egg-info to /home/turtle/turtlebot4_ws/install/first_package/lib/python3.10/site-packages/first_package-0.0.0-py3.10.egg-info
[0.406s] running install_scripts
[0.417s] Installing turtlebot4_first_python_node script to /home/turtle/turtlebot4_ws/install/first_package/lib/first_package
[0.417s] writing list of installed files to '/home/turtle/turtlebot4_ws/build/first_package/install.log'
[0.428s] Invoked command in '/home/turtle/turtlebot4_ws/src/first_package' returned '0': PYTHONPATH=/home/turtle/turtlebot4_ws/build/first_package/prefix_override:/usr/lib/python3/dist-packages/colcon_core/task/python/colcon_distutils_commands:/home/turtle/turtlebot4_ws/install/first_package/lib/python3.10/site-packages:${PYTHONPATH} /usr/bin/python3 -W ignore:setup.py install is deprecated setup.py egg_info --egg-base ../../build/first_package build --build-base /home/turtle/turtlebot4_ws/build/first_package/build install --record /home/turtle/turtlebot4_ws/build/first_package/install.log --single-version-externally-managed install_data
